[progress] processed=100,000 kept=500 dropped=99,500
[progress] processed=200,000 kept=1,000 dropped=199,000
[progress] processed=300,000 kept=1,500 dropped=298,500
[progress] processed=400,000 kept=2,000 dropped=398,000
[progress] processed=500,000 kept=2,500 dropped=497,500
[progress] processed=600,000 kept=3,000 dropped=597,000
[progress] processed=700,000 kept=3,500 dropped=696,500
[progress] processed=800,000 kept=4,000 dropped=796,000
[progress] processed=900,000 kept=4,500 dropped=895,500
[progress] processed=1,000,000 kept=5,000 dropped=995,000
[progress] processed=1,100,000 kept=5,500 dropped=1,094,500
[progress] processed=1,200,000 kept=6,000 dropped=1,194,000
[progress] processed=1,300,000 kept=6,500 dropped=1,293,500
[progress] processed=1,400,000 kept=7,000 dropped=1,393,000
[progress] processed=1,500,000 kept=7,500 dropped=1,492,500
[progress] processed=1,600,000 kept=8,000 dropped=1,592,000
[progress] processed=1,700,000 kept=8,500 dropped=1,691,500
[progress] processed=1,800,000 kept=9,000 dropped=1,791,000
[progress] processed=1,900,000 kept=9,500 dropped=1,890,500
[progress] processed=2,000,000 kept=10,000 dropped=1,990,000
[progress] processed=2,100,000 kept=10,500 dropped=2,089,500
[progress] processed=2,200,000 kept=11,000 dropped=2,189,000
[progress] processed=2,300,000 kept=11,500 dropped=2,288,500
[progress] processed=2,400,000 kept=12,000 dropped=2,388,000
[progress] processed=2,500,000 kept=12,500 dropped=2,487,500
[progress] processed=2,600,000 kept=13,000 dropped=2,587,000
[progress] processed=2,700,000 kept=13,500 dropped=2,686,500
[done] kept=13,805 dropped=2,747,195 total=2,761,000
[summary] data/interim/summary_filter_pfam_interpro.txt
